/*C2*/SET SCHEMA PUBLIC
DISCONNECT
/*C3*/SET SCHEMA PUBLIC
DISCONNECT
/*C4*/SET SCHEMA PUBLIC
DISCONNECT
/*C5*/SET SCHEMA PUBLIC
DISCONNECT
/*C6*/SET SCHEMA PUBLIC
DISCONNECT
/*C7*/SET SCHEMA PUBLIC
DISCONNECT
/*C9*/SET SCHEMA PUBLIC
DISCONNECT
/*C8*/SET SCHEMA PUBLIC
DISCONNECT
/*C10*/SET SCHEMA PUBLIC
DISCONNECT
/*C11*/SET SCHEMA PUBLIC
DISCONNECT
/*C12*/SET SCHEMA PUBLIC
DISCONNECT
/*C13*/SET SCHEMA PUBLIC
DELETE FROM SYS_SERVER WHERE ID='9ce512b8-3e99-7f53-7e20-f3ceb84df599'
INSERT INTO SYS_SERVER VALUES('9ce512b8-3e99-7f53-7e20-f3ceb84df599','2017-02-07 22:05:12.170000',NULL,'2018-04-24 09:49:34.066000',NULL,'localhost:8080/app-core',TRUE,NULL)
COMMIT
INSERT INTO SEC_SESSION_LOG VALUES('0a56f1a2-7565-874d-876e-9c79437d3169',1,'2018-04-24 09:49:52.486000','admin','2018-04-24 09:49:52.486000',NULL,NULL,NULL,'4072295c-64cb-aee6-8b4f-de2b2f206427',NULL,'60885987-1b61-4247-94c7-dff348347f93',NULL,1,'REST API (localhost:8080/app) Mozilla/5.0 (Macintosh; Intel Mac OS X 10_13_4) AppleWebKit/537.36 (KHTML, like Gecko) Chrome/65.0.3325.181 Safari/537.36','0:0:0:0:0:0:0:1','2018-04-24 09:49:52.485000',NULL,'R','localhost:8080/app-core')
COMMIT
DELETE FROM SYS_SERVER WHERE ID='9ce512b8-3e99-7f53-7e20-f3ceb84df599'
INSERT INTO SYS_SERVER VALUES('9ce512b8-3e99-7f53-7e20-f3ceb84df599','2017-02-07 22:05:12.170000',NULL,'2018-04-24 09:50:34.068000',NULL,'localhost:8080/app-core',TRUE,NULL)
COMMIT
DELETE FROM SYS_SERVER WHERE ID='9ce512b8-3e99-7f53-7e20-f3ceb84df599'
INSERT INTO SYS_SERVER VALUES('9ce512b8-3e99-7f53-7e20-f3ceb84df599','2017-02-07 22:05:12.170000',NULL,'2018-04-24 09:51:34.069000',NULL,'localhost:8080/app-core',TRUE,NULL)
COMMIT
DELETE FROM SYS_SERVER WHERE ID='9ce512b8-3e99-7f53-7e20-f3ceb84df599'
INSERT INTO SYS_SERVER VALUES('9ce512b8-3e99-7f53-7e20-f3ceb84df599','2017-02-07 22:05:12.170000',NULL,'2018-04-24 09:52:34.074000',NULL,'localhost:8080/app-core',TRUE,NULL)
COMMIT
DELETE FROM SYS_SERVER WHERE ID='9ce512b8-3e99-7f53-7e20-f3ceb84df599'
INSERT INTO SYS_SERVER VALUES('9ce512b8-3e99-7f53-7e20-f3ceb84df599','2017-02-07 22:05:12.170000',NULL,'2018-04-24 09:53:34.078000',NULL,'localhost:8080/app-core',TRUE,NULL)
COMMIT
DELETE FROM SYS_SERVER WHERE ID='9ce512b8-3e99-7f53-7e20-f3ceb84df599'
INSERT INTO SYS_SERVER VALUES('9ce512b8-3e99-7f53-7e20-f3ceb84df599','2017-02-07 22:05:12.170000',NULL,'2018-04-24 09:54:34.081000',NULL,'localhost:8080/app-core',TRUE,NULL)
COMMIT
DELETE FROM SYS_SERVER WHERE ID='9ce512b8-3e99-7f53-7e20-f3ceb84df599'
INSERT INTO SYS_SERVER VALUES('9ce512b8-3e99-7f53-7e20-f3ceb84df599','2017-02-07 22:05:12.170000',NULL,'2018-04-24 09:55:34.082000',NULL,'localhost:8080/app-core',TRUE,NULL)
COMMIT
INSERT INTO SEC_SESSION_LOG VALUES('e5a7ca3a-07ca-ba10-0ed9-adcf99f31c32',1,'2018-04-24 09:56:28.163000','admin','2018-04-24 09:56:28.163000',NULL,NULL,NULL,'42926920-d07d-e0b0-8d96-a19dcf00007d',NULL,'60885987-1b61-4247-94c7-dff348347f93',NULL,1,'Web (localhost:8080/app) Mozilla/5.0 (Macintosh; Intel Mac OS X 10_13_4) AppleWebKit/537.36 (KHTML, like Gecko) Chrome/65.0.3325.181 Safari/537.36','0:0:0:0:0:0:0:1','2018-04-24 09:56:28.163000',NULL,'W','localhost:8080/app-core')
COMMIT
DELETE FROM SYS_SERVER WHERE ID='9ce512b8-3e99-7f53-7e20-f3ceb84df599'
INSERT INTO SYS_SERVER VALUES('9ce512b8-3e99-7f53-7e20-f3ceb84df599','2017-02-07 22:05:12.170000',NULL,'2018-04-24 09:56:34.085000',NULL,'localhost:8080/app-core',TRUE,NULL)
COMMIT
DELETE FROM SYS_SERVER WHERE ID='9ce512b8-3e99-7f53-7e20-f3ceb84df599'
INSERT INTO SYS_SERVER VALUES('9ce512b8-3e99-7f53-7e20-f3ceb84df599','2017-02-07 22:05:12.170000',NULL,'2018-04-24 09:57:21.926000',NULL,'localhost:8080/app-core',FALSE,NULL)
COMMIT
DISCONNECT
/*C14*/SET SCHEMA PUBLIC
DISCONNECT
/*C15*/SET SCHEMA PUBLIC
DISCONNECT
/*C16*/SET SCHEMA PUBLIC
DISCONNECT
/*C17*/SET SCHEMA PUBLIC
DISCONNECT
/*C18*/SET SCHEMA PUBLIC
DISCONNECT
/*C19*/SET SCHEMA PUBLIC
DISCONNECT
/*C21*/SET SCHEMA PUBLIC
DISCONNECT
/*C20*/SET SCHEMA PUBLIC
DISCONNECT
/*C22*/SET SCHEMA PUBLIC
DISCONNECT
/*C23*/SET SCHEMA PUBLIC
DISCONNECT
/*C24*/SET SCHEMA PUBLIC
DISCONNECT
/*C25*/SET SCHEMA PUBLIC
DELETE FROM SEC_SESSION_LOG WHERE ID='0a56f1a2-7565-874d-876e-9c79437d3169'
INSERT INTO SEC_SESSION_LOG VALUES('0a56f1a2-7565-874d-876e-9c79437d3169',2,'2018-04-24 09:49:52.486000','admin','2018-04-24 09:58:00.844000','admin',NULL,NULL,'4072295c-64cb-aee6-8b4f-de2b2f206427',NULL,'60885987-1b61-4247-94c7-dff348347f93',NULL,3,'REST API (localhost:8080/app) Mozilla/5.0 (Macintosh; Intel Mac OS X 10_13_4) AppleWebKit/537.36 (KHTML, like Gecko) Chrome/65.0.3325.181 Safari/537.36','0:0:0:0:0:0:0:1','2018-04-24 09:49:52.485000','2018-04-24 09:58:00.809000','R','localhost:8080/app-core')
DELETE FROM SEC_SESSION_LOG WHERE ID='e5a7ca3a-07ca-ba10-0ed9-adcf99f31c32'
INSERT INTO SEC_SESSION_LOG VALUES('e5a7ca3a-07ca-ba10-0ed9-adcf99f31c32',2,'2018-04-24 09:56:28.163000','admin','2018-04-24 09:58:00.844000','admin',NULL,NULL,'42926920-d07d-e0b0-8d96-a19dcf00007d',NULL,'60885987-1b61-4247-94c7-dff348347f93',NULL,3,'Web (localhost:8080/app) Mozilla/5.0 (Macintosh; Intel Mac OS X 10_13_4) AppleWebKit/537.36 (KHTML, like Gecko) Chrome/65.0.3325.181 Safari/537.36','0:0:0:0:0:0:0:1','2018-04-24 09:56:28.163000','2018-04-24 09:58:00.809000','W','localhost:8080/app-core')
COMMIT
INSERT INTO SEC_SESSION_LOG VALUES('f8f86ce0-ec86-b918-2f43-6ae35cb7bd89',1,'2018-04-24 09:58:04.534000','admin','2018-04-24 09:58:04.534000',NULL,NULL,NULL,'a422ca34-e493-0ae7-be99-f864b8948649',NULL,'60885987-1b61-4247-94c7-dff348347f93',NULL,1,'Web (localhost:8080/app) Mozilla/5.0 (Macintosh; Intel Mac OS X 10_13_4) AppleWebKit/537.36 (KHTML, like Gecko) Chrome/65.0.3325.181 Safari/537.36','0:0:0:0:0:0:0:1','2018-04-24 09:58:04.529000',NULL,'W','localhost:8080/app-core')
COMMIT
DELETE FROM SYS_SERVER WHERE ID='9ce512b8-3e99-7f53-7e20-f3ceb84df599'
INSERT INTO SYS_SERVER VALUES('9ce512b8-3e99-7f53-7e20-f3ceb84df599','2017-02-07 22:05:12.170000',NULL,'2018-04-24 09:58:29.579000',NULL,'localhost:8080/app-core',TRUE,NULL)
COMMIT
DELETE FROM SYS_SERVER WHERE ID='9ce512b8-3e99-7f53-7e20-f3ceb84df599'
INSERT INTO SYS_SERVER VALUES('9ce512b8-3e99-7f53-7e20-f3ceb84df599','2017-02-07 22:05:12.170000',NULL,'2018-04-24 09:59:29.579000',NULL,'localhost:8080/app-core',TRUE,NULL)
COMMIT
DELETE FROM SYS_SERVER WHERE ID='9ce512b8-3e99-7f53-7e20-f3ceb84df599'
INSERT INTO SYS_SERVER VALUES('9ce512b8-3e99-7f53-7e20-f3ceb84df599','2017-02-07 22:05:12.170000',NULL,'2018-04-24 10:00:29.586000',NULL,'localhost:8080/app-core',TRUE,NULL)
COMMIT
DELETE FROM SYS_SERVER WHERE ID='9ce512b8-3e99-7f53-7e20-f3ceb84df599'
INSERT INTO SYS_SERVER VALUES('9ce512b8-3e99-7f53-7e20-f3ceb84df599','2017-02-07 22:05:12.170000',NULL,'2018-04-24 10:01:29.588000',NULL,'localhost:8080/app-core',TRUE,NULL)
COMMIT
DELETE FROM SYS_SERVER WHERE ID='9ce512b8-3e99-7f53-7e20-f3ceb84df599'
INSERT INTO SYS_SERVER VALUES('9ce512b8-3e99-7f53-7e20-f3ceb84df599','2017-02-07 22:05:12.170000',NULL,'2018-04-24 10:02:29.591000',NULL,'localhost:8080/app-core',TRUE,NULL)
COMMIT
DELETE FROM SYS_SERVER WHERE ID='9ce512b8-3e99-7f53-7e20-f3ceb84df599'
INSERT INTO SYS_SERVER VALUES('9ce512b8-3e99-7f53-7e20-f3ceb84df599','2017-02-07 22:05:12.170000',NULL,'2018-04-24 10:03:16.049000',NULL,'localhost:8080/app-core',FALSE,NULL)
COMMIT
DISCONNECT
/*C26*/SET SCHEMA PUBLIC
DISCONNECT
/*C27*/SET SCHEMA PUBLIC
DISCONNECT
/*C28*/SET SCHEMA PUBLIC
DISCONNECT
/*C29*/SET SCHEMA PUBLIC
DISCONNECT
/*C31*/SET SCHEMA PUBLIC
DISCONNECT
/*C30*/SET SCHEMA PUBLIC
DISCONNECT
/*C32*/SET SCHEMA PUBLIC
DISCONNECT
/*C33*/SET SCHEMA PUBLIC
DISCONNECT
/*C34*/SET SCHEMA PUBLIC
DISCONNECT
/*C35*/SET SCHEMA PUBLIC
DELETE FROM SEC_SESSION_LOG WHERE ID='f8f86ce0-ec86-b918-2f43-6ae35cb7bd89'
INSERT INTO SEC_SESSION_LOG VALUES('f8f86ce0-ec86-b918-2f43-6ae35cb7bd89',2,'2018-04-24 09:58:04.534000','admin','2018-04-24 10:03:44.062000','admin',NULL,NULL,'a422ca34-e493-0ae7-be99-f864b8948649',NULL,'60885987-1b61-4247-94c7-dff348347f93',NULL,3,'Web (localhost:8080/app) Mozilla/5.0 (Macintosh; Intel Mac OS X 10_13_4) AppleWebKit/537.36 (KHTML, like Gecko) Chrome/65.0.3325.181 Safari/537.36','0:0:0:0:0:0:0:1','2018-04-24 09:58:04.529000','2018-04-24 10:03:44.033000','W','localhost:8080/app-core')
COMMIT
INSERT INTO SEC_SESSION_LOG VALUES('7cae1d98-e029-75c3-2683-ed623d78c1e6',1,'2018-04-24 10:03:57.832000','admin','2018-04-24 10:03:57.832000',NULL,NULL,NULL,'df8ac21b-9087-53cb-f03f-4a5e8c80e797',NULL,'60885987-1b61-4247-94c7-dff348347f93',NULL,1,'Web (localhost:8080/app) Mozilla/5.0 (Macintosh; Intel Mac OS X 10_13_4) AppleWebKit/537.36 (KHTML, like Gecko) Chrome/65.0.3325.181 Safari/537.36','0:0:0:0:0:0:0:1','2018-04-24 10:03:57.829000',NULL,'W','localhost:8080/app-core')
COMMIT
DELETE FROM SYS_SERVER WHERE ID='9ce512b8-3e99-7f53-7e20-f3ceb84df599'
INSERT INTO SYS_SERVER VALUES('9ce512b8-3e99-7f53-7e20-f3ceb84df599','2017-02-07 22:05:12.170000',NULL,'2018-04-24 10:04:12.937000',NULL,'localhost:8080/app-core',TRUE,NULL)
COMMIT
DELETE FROM SYS_SERVER WHERE ID='9ce512b8-3e99-7f53-7e20-f3ceb84df599'
INSERT INTO SYS_SERVER VALUES('9ce512b8-3e99-7f53-7e20-f3ceb84df599','2017-02-07 22:05:12.170000',NULL,'2018-04-24 10:05:12.941000',NULL,'localhost:8080/app-core',TRUE,NULL)
COMMIT
DELETE FROM SYS_SERVER WHERE ID='9ce512b8-3e99-7f53-7e20-f3ceb84df599'
INSERT INTO SYS_SERVER VALUES('9ce512b8-3e99-7f53-7e20-f3ceb84df599','2017-02-07 22:05:12.170000',NULL,'2018-04-24 10:06:12.969000',NULL,'localhost:8080/app-core',TRUE,NULL)
COMMIT
DELETE FROM SYS_SERVER WHERE ID='9ce512b8-3e99-7f53-7e20-f3ceb84df599'
INSERT INTO SYS_SERVER VALUES('9ce512b8-3e99-7f53-7e20-f3ceb84df599','2017-02-07 22:05:12.170000',NULL,'2018-04-24 10:07:12.974000',NULL,'localhost:8080/app-core',TRUE,NULL)
COMMIT
DELETE FROM SYS_SERVER WHERE ID='9ce512b8-3e99-7f53-7e20-f3ceb84df599'
INSERT INTO SYS_SERVER VALUES('9ce512b8-3e99-7f53-7e20-f3ceb84df599','2017-02-07 22:05:12.170000',NULL,'2018-04-24 10:08:12.979000',NULL,'localhost:8080/app-core',TRUE,NULL)
COMMIT
DELETE FROM SYS_SERVER WHERE ID='9ce512b8-3e99-7f53-7e20-f3ceb84df599'
INSERT INTO SYS_SERVER VALUES('9ce512b8-3e99-7f53-7e20-f3ceb84df599','2017-02-07 22:05:12.170000',NULL,'2018-04-24 10:09:12.980000',NULL,'localhost:8080/app-core',TRUE,NULL)
COMMIT
DELETE FROM SYS_SERVER WHERE ID='9ce512b8-3e99-7f53-7e20-f3ceb84df599'
INSERT INTO SYS_SERVER VALUES('9ce512b8-3e99-7f53-7e20-f3ceb84df599','2017-02-07 22:05:12.170000',NULL,'2018-04-24 10:09:33.526000',NULL,'localhost:8080/app-core',FALSE,NULL)
COMMIT
DISCONNECT
/*C36*/SET SCHEMA PUBLIC
DISCONNECT
/*C37*/SET SCHEMA PUBLIC
DISCONNECT
/*C38*/SET SCHEMA PUBLIC
DISCONNECT
/*C39*/SET SCHEMA PUBLIC
DISCONNECT
/*C41*/SET SCHEMA PUBLIC
DISCONNECT
/*C40*/SET SCHEMA PUBLIC
DISCONNECT
/*C42*/SET SCHEMA PUBLIC
DISCONNECT
/*C43*/SET SCHEMA PUBLIC
DISCONNECT
/*C44*/SET SCHEMA PUBLIC
DISCONNECT
/*C45*/SET SCHEMA PUBLIC
DELETE FROM SEC_SESSION_LOG WHERE ID='7cae1d98-e029-75c3-2683-ed623d78c1e6'
INSERT INTO SEC_SESSION_LOG VALUES('7cae1d98-e029-75c3-2683-ed623d78c1e6',2,'2018-04-24 10:03:57.832000','admin','2018-04-24 10:10:07.488000','admin',NULL,NULL,'df8ac21b-9087-53cb-f03f-4a5e8c80e797',NULL,'60885987-1b61-4247-94c7-dff348347f93',NULL,3,'Web (localhost:8080/app) Mozilla/5.0 (Macintosh; Intel Mac OS X 10_13_4) AppleWebKit/537.36 (KHTML, like Gecko) Chrome/65.0.3325.181 Safari/537.36','0:0:0:0:0:0:0:1','2018-04-24 10:03:57.829000','2018-04-24 10:10:07.457000','W','localhost:8080/app-core')
COMMIT
INSERT INTO SEC_SESSION_LOG VALUES('bc72cb96-25ea-d2d2-0065-d43279978b02',1,'2018-04-24 10:10:12.761000','admin','2018-04-24 10:10:12.761000',NULL,NULL,NULL,'890dde8d-c7e7-483e-d6ff-fe5ade20588d',NULL,'60885987-1b61-4247-94c7-dff348347f93',NULL,1,'Web (localhost:8080/app) Mozilla/5.0 (Macintosh; Intel Mac OS X 10_13_4) AppleWebKit/537.36 (KHTML, like Gecko) Chrome/65.0.3325.181 Safari/537.36','0:0:0:0:0:0:0:1','2018-04-24 10:10:12.758000',NULL,'W','localhost:8080/app-core')
COMMIT
DELETE FROM SYS_SERVER WHERE ID='9ce512b8-3e99-7f53-7e20-f3ceb84df599'
INSERT INTO SYS_SERVER VALUES('9ce512b8-3e99-7f53-7e20-f3ceb84df599','2017-02-07 22:05:12.170000',NULL,'2018-04-24 10:10:36.297000',NULL,'localhost:8080/app-core',TRUE,NULL)
COMMIT
DELETE FROM SYS_SERVER WHERE ID='9ce512b8-3e99-7f53-7e20-f3ceb84df599'
INSERT INTO SYS_SERVER VALUES('9ce512b8-3e99-7f53-7e20-f3ceb84df599','2017-02-07 22:05:12.170000',NULL,'2018-04-24 10:11:36.297000',NULL,'localhost:8080/app-core',TRUE,NULL)
COMMIT
DELETE FROM SYS_SERVER WHERE ID='9ce512b8-3e99-7f53-7e20-f3ceb84df599'
INSERT INTO SYS_SERVER VALUES('9ce512b8-3e99-7f53-7e20-f3ceb84df599','2017-02-07 22:05:12.170000',NULL,'2018-04-24 10:12:36.298000',NULL,'localhost:8080/app-core',TRUE,NULL)
COMMIT
DELETE FROM SYS_SERVER WHERE ID='9ce512b8-3e99-7f53-7e20-f3ceb84df599'
INSERT INTO SYS_SERVER VALUES('9ce512b8-3e99-7f53-7e20-f3ceb84df599','2017-02-07 22:05:12.170000',NULL,'2018-04-24 10:12:42.969000',NULL,'localhost:8080/app-core',FALSE,NULL)
COMMIT
DISCONNECT
